<?xml version="1.0" encoding="UTF-8"?>
<!-- Generated by org.testng.reporters.JUnitXMLReporter -->
<testsuite ignored="0" hostname="RGDevice" failures="0" tests="8" name="Default test" time="11.886" errors="0" timestamp="2024-06-26T18:15:02 IST">
  <testcase classname="Amazon_product_Purchase_Flow.amazon_product_buy" name="implement_wait" time="0.012"/>
  <testcase classname="Amazon_product_Purchase_Flow.amazon_product_buy" name="Making_obj_of_utility" time="0.029"/>
  <testcase classname="Amazon_product_Purchase_Flow.amazon_product_buy" name="login_with_mobile_number" time="1.202"/>
  <testcase classname="Amazon_product_Purchase_Flow.amazon_product_buy" name="Verify_page_title" time="2.174"/>
  <testcase classname="Amazon_product_Purchase_Flow.amazon_product_buy" name="Searching_product" time="3.104"/>
  <testcase classname="Amazon_product_Purchase_Flow.amazon_product_buy" name="Findind_list_of_prod" time="0.536"/>
  <testcase classname="Amazon_product_Purchase_Flow.amazon_product_buy" name="count_link" time="0.063"/>
  <testcase classname="Amazon_product_Purchase_Flow.amazon_product_buy" name="check_detail_screen" time="2.023"/>
</testsuite> <!-- Default test -->
