<?xml version="1.0" encoding="UTF-8"?>
<testng-results ignored="0" total="8" passed="8" failed="0" skipped="0">
  <reporter-output>
  </reporter-output>
  <suite started-at="2024-06-26T18:35:20 IST" name="Default suite" finished-at="2024-06-26T18:35:33 IST" duration-ms="12391">
    <groups>
    </groups>
    <test started-at="2024-06-26T18:35:20 IST" name="Default test" finished-at="2024-06-26T18:35:33 IST" duration-ms="12391">
      <class name="Amazon_product_Purchase_Flow.amazon_product_buy">
        <test-method is-config="true" signature="tear_up()[pri:0, instance:Amazon_product_Purchase_Flow.amazon_product_buy@c0c2f8d]" started-at="2024-06-26T18:35:20 IST" name="tear_up" finished-at="2024-06-26T18:35:24 IST" duration-ms="3396" status="PASS">
          <reporter-output>
          </reporter-output>
        </test-method> <!-- tear_up -->
        <test-method signature="implement_wait()[pri:1, instance:Amazon_product_Purchase_Flow.amazon_product_buy@c0c2f8d]" started-at="2024-06-26T18:35:24 IST" name="implement_wait" finished-at="2024-06-26T18:35:24 IST" duration-ms="19" status="PASS">
          <reporter-output>
          </reporter-output>
        </test-method> <!-- implement_wait -->
        <test-method signature="Making_obj_of_utility()[pri:2, instance:Amazon_product_Purchase_Flow.amazon_product_buy@c0c2f8d]" started-at="2024-06-26T18:35:24 IST" name="Making_obj_of_utility" finished-at="2024-06-26T18:35:24 IST" duration-ms="33" status="PASS">
          <reporter-output>
          </reporter-output>
        </test-method> <!-- Making_obj_of_utility -->
        <test-method signature="login_with_mobile_number()[pri:3, instance:Amazon_product_Purchase_Flow.amazon_product_buy@c0c2f8d]" started-at="2024-06-26T18:35:24 IST" name="login_with_mobile_number" finished-at="2024-06-26T18:35:25 IST" duration-ms="1163" status="PASS">
          <reporter-output>
          </reporter-output>
        </test-method> <!-- login_with_mobile_number -->
        <test-method signature="Verify_page_title()[pri:4, instance:Amazon_product_Purchase_Flow.amazon_product_buy@c0c2f8d]" started-at="2024-06-26T18:35:25 IST" name="Verify_page_title" finished-at="2024-06-26T18:35:27 IST" duration-ms="2298" status="PASS">
          <reporter-output>
          </reporter-output>
        </test-method> <!-- Verify_page_title -->
        <test-method signature="Searching_product()[pri:5, instance:Amazon_product_Purchase_Flow.amazon_product_buy@c0c2f8d]" started-at="2024-06-26T18:35:27 IST" name="Searching_product" finished-at="2024-06-26T18:35:30 IST" duration-ms="2437" status="PASS">
          <reporter-output>
          </reporter-output>
        </test-method> <!-- Searching_product -->
        <test-method signature="Findind_list_of_prod()[pri:6, instance:Amazon_product_Purchase_Flow.amazon_product_buy@c0c2f8d]" started-at="2024-06-26T18:35:30 IST" name="Findind_list_of_prod" finished-at="2024-06-26T18:35:30 IST" duration-ms="560" status="PASS">
          <reporter-output>
          </reporter-output>
        </test-method> <!-- Findind_list_of_prod -->
        <test-method signature="count_link()[pri:7, instance:Amazon_product_Purchase_Flow.amazon_product_buy@c0c2f8d]" started-at="2024-06-26T18:35:30 IST" name="count_link" finished-at="2024-06-26T18:35:30 IST" duration-ms="67" status="PASS">
          <reporter-output>
          </reporter-output>
        </test-method> <!-- count_link -->
        <test-method signature="check_detail_screen()[pri:8, instance:Amazon_product_Purchase_Flow.amazon_product_buy@c0c2f8d]" started-at="2024-06-26T18:35:30 IST" name="check_detail_screen" finished-at="2024-06-26T18:35:32 IST" duration-ms="2194" status="PASS">
          <reporter-output>
          </reporter-output>
        </test-method> <!-- check_detail_screen -->
        <test-method is-config="true" signature="Tear_down()[pri:0, instance:Amazon_product_Purchase_Flow.amazon_product_buy@c0c2f8d]" started-at="2024-06-26T18:35:32 IST" name="Tear_down" finished-at="2024-06-26T18:35:33 IST" duration-ms="160" status="PASS">
          <reporter-output>
          </reporter-output>
        </test-method> <!-- Tear_down -->
      </class> <!-- Amazon_product_Purchase_Flow.amazon_product_buy -->
    </test> <!-- Default test -->
  </suite> <!-- Default suite -->
</testng-results>
